0 info it worked if it ends with ok
1 verbose cli [ '/usr/local/bin/node',
1 verbose cli   '/usr/local/bin/npm',
1 verbose cli   'install',
1 verbose cli   '--save',
1 verbose cli   'axios,',
1 verbose cli   'native-base,',
1 verbose cli   'redux,',
1 verbose cli   'react-redux' ]
2 info using npm@3.10.8
3 info using node@v6.9.1
4 silly loadCurrentTree Starting
5 silly install loadCurrentTree
6 silly install readLocalPackageData
7 silly fetchPackageMetaData axios,
8 silly fetchPackageMetaData native-base,
9 silly fetchPackageMetaData redux,
10 silly fetchPackageMetaData react-redux
11 silly fetchOtherPackageData axios,
12 silly cache add args [ 'axios,', null ]
13 verbose cache add spec axios,
14 silly fetchOtherPackageData native-base,
15 silly cache add args [ 'native-base,', null ]
16 verbose cache add spec native-base,
17 silly fetchOtherPackageData redux,
18 silly cache add args [ 'redux,', null ]
19 verbose cache add spec redux,
20 silly fetchNamedPackageData react-redux
21 silly mapToRegistry name react-redux
22 silly mapToRegistry using default registry
23 silly mapToRegistry registry https://registry.npmjs.org/
24 silly mapToRegistry data Result {
24 silly mapToRegistry   raw: 'react-redux',
24 silly mapToRegistry   scope: null,
24 silly mapToRegistry   escapedName: 'react-redux',
24 silly mapToRegistry   name: 'react-redux',
24 silly mapToRegistry   rawSpec: '',
24 silly mapToRegistry   spec: 'latest',
24 silly mapToRegistry   type: 'tag' }
25 silly mapToRegistry uri https://registry.npmjs.org/react-redux
26 silly cache add parsed spec Result {
26 silly cache add   raw: 'axios,',
26 silly cache add   scope: null,
26 silly cache add   escapedName: null,
26 silly cache add   name: null,
26 silly cache add   rawSpec: 'axios,',
26 silly cache add   spec: '/Users/jscorp1/Desktop/Projetos_React/axios,',
26 silly cache add   type: 'local' }
27 silly cache add parsed spec Result {
27 silly cache add   raw: 'native-base,',
27 silly cache add   scope: null,
27 silly cache add   escapedName: null,
27 silly cache add   name: null,
27 silly cache add   rawSpec: 'native-base,',
27 silly cache add   spec: '/Users/jscorp1/Desktop/Projetos_React/native-base,',
27 silly cache add   type: 'local' }
28 silly cache add parsed spec Result {
28 silly cache add   raw: 'redux,',
28 silly cache add   scope: null,
28 silly cache add   escapedName: null,
28 silly cache add   name: null,
28 silly cache add   rawSpec: 'redux,',
28 silly cache add   spec: '/Users/jscorp1/Desktop/Projetos_React/redux,',
28 silly cache add   type: 'local' }
29 error addLocal Could not install /Users/jscorp1/Desktop/Projetos_React/axios,
30 silly fetchPackageMetaData Error: ENOENT: no such file or directory, open '/Users/jscorp1/Desktop/Projetos_React/axios,'
30 silly fetchPackageMetaData     at Error (native)
30 silly fetchPackageMetaData  error for axios, { Error: ENOENT: no such file or directory, open '/Users/jscorp1/Desktop/Projetos_React/axios,'
30 silly fetchPackageMetaData     at Error (native)
30 silly fetchPackageMetaData   errno: -2,
30 silly fetchPackageMetaData   code: 'ENOENT',
30 silly fetchPackageMetaData   syscall: 'open',
30 silly fetchPackageMetaData   path: '/Users/jscorp1/Desktop/Projetos_React/axios,' }
31 error addLocal Could not install /Users/jscorp1/Desktop/Projetos_React/native-base,
32 silly fetchPackageMetaData Error: ENOENT: no such file or directory, open '/Users/jscorp1/Desktop/Projetos_React/native-base,'
32 silly fetchPackageMetaData     at Error (native)
32 silly fetchPackageMetaData  error for native-base, { Error: ENOENT: no such file or directory, open '/Users/jscorp1/Desktop/Projetos_React/native-base,'
32 silly fetchPackageMetaData     at Error (native)
32 silly fetchPackageMetaData   errno: -2,
32 silly fetchPackageMetaData   code: 'ENOENT',
32 silly fetchPackageMetaData   syscall: 'open',
32 silly fetchPackageMetaData   path: '/Users/jscorp1/Desktop/Projetos_React/native-base,' }
33 error addLocal Could not install /Users/jscorp1/Desktop/Projetos_React/redux,
34 silly fetchPackageMetaData Error: ENOENT: no such file or directory, open '/Users/jscorp1/Desktop/Projetos_React/redux,'
34 silly fetchPackageMetaData     at Error (native)
34 silly fetchPackageMetaData  error for redux, { Error: ENOENT: no such file or directory, open '/Users/jscorp1/Desktop/Projetos_React/redux,'
34 silly fetchPackageMetaData     at Error (native)
34 silly fetchPackageMetaData   errno: -2,
34 silly fetchPackageMetaData   code: 'ENOENT',
34 silly fetchPackageMetaData   syscall: 'open',
34 silly fetchPackageMetaData   path: '/Users/jscorp1/Desktop/Projetos_React/redux,' }
35 verbose request uri https://registry.npmjs.org/react-redux
36 verbose request no auth needed
37 info attempt registry request try #1 at 14:26:27
38 verbose request id eaaacbf246aaf96d
39 verbose etag W/"586695a2-274d1"
40 verbose lastModified Fri, 30 Dec 2016 17:13:06 GMT
41 http request GET https://registry.npmjs.org/react-redux
42 http 304 https://registry.npmjs.org/react-redux
43 verbose headers { date: 'Thu, 05 Jan 2017 16:26:27 GMT',
43 verbose headers   via: '1.1 varnish',
43 verbose headers   'cache-control': 'max-age=300',
43 verbose headers   etag: 'W/"586695a2-274d1"',
43 verbose headers   age: '22',
43 verbose headers   connection: 'keep-alive',
43 verbose headers   'x-served-by': 'cache-gru7125-GRU',
43 verbose headers   'x-cache': 'HIT',
43 verbose headers   'x-cache-hits': '1',
43 verbose headers   'x-timer': 'S1483633587.863705,VS0,VE0',
43 verbose headers   vary: 'Accept-Encoding' }
44 silly get cb [ 304,
44 silly get   { date: 'Thu, 05 Jan 2017 16:26:27 GMT',
44 silly get     via: '1.1 varnish',
44 silly get     'cache-control': 'max-age=300',
44 silly get     etag: 'W/"586695a2-274d1"',
44 silly get     age: '22',
44 silly get     connection: 'keep-alive',
44 silly get     'x-served-by': 'cache-gru7125-GRU',
44 silly get     'x-cache': 'HIT',
44 silly get     'x-cache-hits': '1',
44 silly get     'x-timer': 'S1483633587.863705,VS0,VE0',
44 silly get     vary: 'Accept-Encoding' } ]
45 verbose etag https://registry.npmjs.org/react-redux from cache
46 verbose get saving react-redux to /Users/jscorp1/.npm/registry.npmjs.org/react-redux/.cache.json
47 verbose correctMkdir /Users/jscorp1/.npm correctMkdir not in flight; initializing
48 silly rollbackFailedOptional Starting
49 silly rollbackFailedOptional Finishing
50 silly runTopLevelLifecycles Finishing
51 silly install printInstalled
52 verbose stack Error: ENOENT: no such file or directory, open '/Users/jscorp1/Desktop/Projetos_React/axios,'
52 verbose stack     at Error (native)
53 verbose cwd /Users/jscorp1/Desktop/Projetos_React
54 error Darwin 15.6.0
55 error argv "/usr/local/bin/node" "/usr/local/bin/npm" "install" "--save" "axios," "native-base," "redux," "react-redux"
56 error node v6.9.1
57 error npm  v3.10.8
58 error path /Users/jscorp1/Desktop/Projetos_React/axios,
59 error code ENOENT
60 error errno -2
61 error syscall open
62 error enoent ENOENT: no such file or directory, open '/Users/jscorp1/Desktop/Projetos_React/axios,'
63 error enoent ENOENT: no such file or directory, open '/Users/jscorp1/Desktop/Projetos_React/axios,'
63 error enoent This is most likely not a problem with npm itself
63 error enoent and is related to npm not being able to find a file.
64 verbose exit [ -2, true ]
